[WARN ] [2016-04-08 14:57:26] org.springframework.boot.context.embedded.AnnotationConfigEmbeddedWebApplicationContext [546] - Exception encountered during context initialization - cancelling refresh attempt: org.springframework.beans.factory.BeanCreationException: Error creating bean with name 'accountServiceImpl': Injection of autowired dependencies failed; nested exception is org.springframework.beans.factory.BeanCreationException: Could not autowire field: private org.cc.dao.AccountDao org.cc.service.impl.AccountServiceImpl.dao; nested exception is org.springframework.beans.factory.UnsatisfiedDependencyException: Error creating bean with name 'accountDao' defined in file [D:\works\spring-boot\spring-boot\target\classes\org\cc\dao\AccountDao.class]: Unsatisfied dependency expressed through bean property 'sqlSessionFactory': Error creating bean with name 'org.mybatis.spring.boot.autoconfigure.MybatisAutoConfiguration': Injection of autowired dependencies failed; nested exception is org.springframework.beans.factory.BeanCreationException: Could not autowire field: private org.springframework.core.io.ResourceLoader org.mybatis.spring.boot.autoconfigure.MybatisAutoConfiguration.resourceLoader; nested exception is org.springframework.beans.factory.UnsatisfiedDependencyException: Error creating bean with name 'gridFsTemplate' defined in class path resource [org/springframework/boot/autoconfigure/data/mongo/MongoDataAutoConfiguration.class]: Unsatisfied dependency expressed through constructor argument with index 0 of type [org.springframework.data.mongodb.MongoDbFactory]: Error creating bean with name 'mongoDbFactory' defined in class path resource [org/springframework/boot/autoconfigure/data/mongo/MongoDataAutoConfiguration.class]: Bean instantiation via factory method failed; nested exception is org.springframework.beans.BeanInstantiationException: Failed to instantiate [org.springframework.data.mongodb.core.SimpleMongoDbFactory]: Factory method 'mongoDbFactory' threw exception; nested exception is java.lang.IllegalArgumentException: Database name must not be empty!; nested exception is org.springframework.beans.factory.BeanCreationException: Error creating bean with name 'mongoDbFactory' defined in class path resource [org/springframework/boot/autoconfigure/data/mongo/MongoDataAutoConfiguration.class]: Bean instantiation via factory method failed; nested exception is org.springframework.beans.BeanInstantiationException: Failed to instantiate [org.springframework.data.mongodb.core.SimpleMongoDbFactory]: Factory method 'mongoDbFactory' threw exception; nested exception is java.lang.IllegalArgumentException: Database name must not be empty!; nested exception is org.springframework.beans.factory.BeanCreationException: Error creating bean with name 'org.mybatis.spring.boot.autoconfigure.MybatisAutoConfiguration': Injection of autowired dependencies failed; nested exception is org.springframework.beans.factory.BeanCreationException: Could not autowire field: private org.springframework.core.io.ResourceLoader org.mybatis.spring.boot.autoconfigure.MybatisAutoConfiguration.resourceLoader; nested exception is org.springframework.beans.factory.UnsatisfiedDependencyException: Error creating bean with name 'gridFsTemplate' defined in class path resource [org/springframework/boot/autoconfigure/data/mongo/MongoDataAutoConfiguration.class]: Unsatisfied dependency expressed through constructor argument with index 0 of type [org.springframework.data.mongodb.MongoDbFactory]: Error creating bean with name 'mongoDbFactory' defined in class path resource [org/springframework/boot/autoconfigure/data/mongo/MongoDataAutoConfiguration.class]: Bean instantiation via factory method failed; nested exception is org.springframework.beans.BeanInstantiationException: Failed to instantiate [org.springframework.data.mongodb.core.SimpleMongoDbFactory]: Factory method 'mongoDbFactory' threw exception; nested exception is java.lang.IllegalArgumentException: Database name must not be empty!; nested exception is org.springframework.beans.factory.BeanCreationException: Error creating bean with name 'mongoDbFactory' defined in class path resource [org/springframework/boot/autoconfigure/data/mongo/MongoDataAutoConfiguration.class]: Bean instantiation via factory method failed; nested exception is org.springframework.beans.BeanInstantiationException: Failed to instantiate [org.springframework.data.mongodb.core.SimpleMongoDbFactory]: Factory method 'mongoDbFactory' threw exception; nested exception is java.lang.IllegalArgumentException: Database name must not be empty!
[WARN ] [2016-04-08 14:57:26] org.apache.catalina.loader.WebappClassLoaderBase [180] - The web application [ROOT] appears to have started a thread named [Abandoned connection cleanup thread] but has failed to stop it. This is very likely to create a memory leak. Stack trace of thread:
 java.lang.Object.wait(Native Method)
 java.lang.ref.ReferenceQueue.remove(ReferenceQueue.java:135)
 com.mysql.jdbc.AbandonedConnectionCleanupThread.run(AbandonedConnectionCleanupThread.java:43)
[ERROR] [2016-04-08 14:57:26] org.springframework.boot.SpringApplication [827] - Application startup failed
org.springframework.beans.factory.BeanCreationException: Error creating bean with name 'accountServiceImpl': Injection of autowired dependencies failed; nested exception is org.springframework.beans.factory.BeanCreationException: Could not autowire field: private org.cc.dao.AccountDao org.cc.service.impl.AccountServiceImpl.dao; nested exception is org.springframework.beans.factory.UnsatisfiedDependencyException: Error creating bean with name 'accountDao' defined in file [D:\works\spring-boot\spring-boot\target\classes\org\cc\dao\AccountDao.class]: Unsatisfied dependency expressed through bean property 'sqlSessionFactory': Error creating bean with name 'org.mybatis.spring.boot.autoconfigure.MybatisAutoConfiguration': Injection of autowired dependencies failed; nested exception is org.springframework.beans.factory.BeanCreationException: Could not autowire field: private org.springframework.core.io.ResourceLoader org.mybatis.spring.boot.autoconfigure.MybatisAutoConfiguration.resourceLoader; nested exception is org.springframework.beans.factory.UnsatisfiedDependencyException: Error creating bean with name 'gridFsTemplate' defined in class path resource [org/springframework/boot/autoconfigure/data/mongo/MongoDataAutoConfiguration.class]: Unsatisfied dependency expressed through constructor argument with index 0 of type [org.springframework.data.mongodb.MongoDbFactory]: Error creating bean with name 'mongoDbFactory' defined in class path resource [org/springframework/boot/autoconfigure/data/mongo/MongoDataAutoConfiguration.class]: Bean instantiation via factory method failed; nested exception is org.springframework.beans.BeanInstantiationException: Failed to instantiate [org.springframework.data.mongodb.core.SimpleMongoDbFactory]: Factory method 'mongoDbFactory' threw exception; nested exception is java.lang.IllegalArgumentException: Database name must not be empty!; nested exception is org.springframework.beans.factory.BeanCreationException: Error creating bean with name 'mongoDbFactory' defined in class path resource [org/springframework/boot/autoconfigure/data/mongo/MongoDataAutoConfiguration.class]: Bean instantiation via factory method failed; nested exception is org.springframework.beans.BeanInstantiationException: Failed to instantiate [org.springframework.data.mongodb.core.SimpleMongoDbFactory]: Factory method 'mongoDbFactory' threw exception; nested exception is java.lang.IllegalArgumentException: Database name must not be empty!; nested exception is org.springframework.beans.factory.BeanCreationException: Error creating bean with name 'org.mybatis.spring.boot.autoconfigure.MybatisAutoConfiguration': Injection of autowired dependencies failed; nested exception is org.springframework.beans.factory.BeanCreationException: Could not autowire field: private org.springframework.core.io.ResourceLoader org.mybatis.spring.boot.autoconfigure.MybatisAutoConfiguration.resourceLoader; nested exception is org.springframework.beans.factory.UnsatisfiedDependencyException: Error creating bean with name 'gridFsTemplate' defined in class path resource [org/springframework/boot/autoconfigure/data/mongo/MongoDataAutoConfiguration.class]: Unsatisfied dependency expressed through constructor argument with index 0 of type [org.springframework.data.mongodb.MongoDbFactory]: Error creating bean with name 'mongoDbFactory' defined in class path resource [org/springframework/boot/autoconfigure/data/mongo/MongoDataAutoConfiguration.class]: Bean instantiation via factory method failed; nested exception is org.springframework.beans.BeanInstantiationException: Failed to instantiate [org.springframework.data.mongodb.core.SimpleMongoDbFactory]: Factory method 'mongoDbFactory' threw exception; nested exception is java.lang.IllegalArgumentException: Database name must not be empty!; nested exception is org.springframework.beans.factory.BeanCreationException: Error creating bean with name 'mongoDbFactory' defined in class path resource [org/springframework/boot/autoconfigure/data/mongo/MongoDataAutoConfiguration.class]: Bean instantiation via factory method failed; nested exception is org.springframework.beans.BeanInstantiationException: Failed to instantiate [org.springframework.data.mongodb.core.SimpleMongoDbFactory]: Factory method 'mongoDbFactory' threw exception; nested exception is java.lang.IllegalArgumentException: Database name must not be empty!
	at org.springframework.beans.factory.annotation.AutowiredAnnotationBeanPostProcessor.postProcessPropertyValues(AutowiredAnnotationBeanPostProcessor.java:334)
	at org.springframework.beans.factory.support.AbstractAutowireCapableBeanFactory.populateBean(AbstractAutowireCapableBeanFactory.java:1214)
	at org.springframework.beans.factory.support.AbstractAutowireCapableBeanFactory.doCreateBean(AbstractAutowireCapableBeanFactory.java:543)
	at org.springframework.beans.factory.support.AbstractAutowireCapableBeanFactory.createBean(AbstractAutowireCapableBeanFactory.java:482)
	at org.springframework.beans.factory.support.AbstractBeanFactory$1.getObject(AbstractBeanFactory.java:306)
	at org.springframework.beans.factory.support.DefaultSingletonBeanRegistry.getSingleton(DefaultSingletonBeanRegistry.java:230)
	at org.springframework.beans.factory.support.AbstractBeanFactory.doGetBean(AbstractBeanFactory.java:302)
	at org.springframework.beans.factory.support.AbstractBeanFactory.getBean(AbstractBeanFactory.java:197)
	at org.springframework.beans.factory.support.DefaultListableBeanFactory.preInstantiateSingletons(DefaultListableBeanFactory.java:772)
	at org.springframework.context.support.AbstractApplicationContext.finishBeanFactoryInitialization(AbstractApplicationContext.java:839)
	at org.springframework.context.support.AbstractApplicationContext.refresh(AbstractApplicationContext.java:538)
	at org.springframework.boot.context.embedded.EmbeddedWebApplicationContext.refresh(EmbeddedWebApplicationContext.java:118)
	at org.springframework.boot.SpringApplication.refresh(SpringApplication.java:766)
	at org.springframework.boot.SpringApplication.createAndRefreshContext(SpringApplication.java:361)
	at org.springframework.boot.SpringApplication.run(SpringApplication.java:307)
	at org.springframework.boot.SpringApplication.run(SpringApplication.java:1191)
	at org.springframework.boot.SpringApplication.run(SpringApplication.java:1180)
	at org.cc.Application.main(Application.java:10)
	at sun.reflect.NativeMethodAccessorImpl.invoke0(Native Method)
	at sun.reflect.NativeMethodAccessorImpl.invoke(NativeMethodAccessorImpl.java:57)
	at sun.reflect.DelegatingMethodAccessorImpl.invoke(DelegatingMethodAccessorImpl.java:43)
	at java.lang.reflect.Method.invoke(Method.java:606)
	at org.springframework.boot.maven.AbstractRunMojo$LaunchRunner.run(AbstractRunMojo.java:478)
	at java.lang.Thread.run(Thread.java:745)
Caused by: org.springframework.beans.factory.BeanCreationException: Could not autowire field: private org.cc.dao.AccountDao org.cc.service.impl.AccountServiceImpl.dao; nested exception is org.springframework.beans.factory.UnsatisfiedDependencyException: Error creating bean with name 'accountDao' defined in file [D:\works\spring-boot\spring-boot\target\classes\org\cc\dao\AccountDao.class]: Unsatisfied dependency expressed through bean property 'sqlSessionFactory': Error creating bean with name 'org.mybatis.spring.boot.autoconfigure.MybatisAutoConfiguration': Injection of autowired dependencies failed; nested exception is org.springframework.beans.factory.BeanCreationException: Could not autowire field: private org.springframework.core.io.ResourceLoader org.mybatis.spring.boot.autoconfigure.MybatisAutoConfiguration.resourceLoader; nested exception is org.springframework.beans.factory.UnsatisfiedDependencyException: Error creating bean with name 'gridFsTemplate' defined in class path resource [org/springframework/boot/autoconfigure/data/mongo/MongoDataAutoConfiguration.class]: Unsatisfied dependency expressed through constructor argument with index 0 of type [org.springframework.data.mongodb.MongoDbFactory]: Error creating bean with name 'mongoDbFactory' defined in class path resource [org/springframework/boot/autoconfigure/data/mongo/MongoDataAutoConfiguration.class]: Bean instantiation via factory method failed; nested exception is org.springframework.beans.BeanInstantiationException: Failed to instantiate [org.springframework.data.mongodb.core.SimpleMongoDbFactory]: Factory method 'mongoDbFactory' threw exception; nested exception is java.lang.IllegalArgumentException: Database name must not be empty!; nested exception is org.springframework.beans.factory.BeanCreationException: Error creating bean with name 'mongoDbFactory' defined in class path resource [org/springframework/boot/autoconfigure/data/mongo/MongoDataAutoConfiguration.class]: Bean instantiation via factory method failed; nested exception is org.springframework.beans.BeanInstantiationException: Failed to instantiate [org.springframework.data.mongodb.core.SimpleMongoDbFactory]: Factory method 'mongoDbFactory' threw exception; nested exception is java.lang.IllegalArgumentException: Database name must not be empty!; nested exception is org.springframework.beans.factory.BeanCreationException: Error creating bean with name 'org.mybatis.spring.boot.autoconfigure.MybatisAutoConfiguration': Injection of autowired dependencies failed; nested exception is org.springframework.beans.factory.BeanCreationException: Could not autowire field: private org.springframework.core.io.ResourceLoader org.mybatis.spring.boot.autoconfigure.MybatisAutoConfiguration.resourceLoader; nested exception is org.springframework.beans.factory.UnsatisfiedDependencyException: Error creating bean with name 'gridFsTemplate' defined in class path resource [org/springframework/boot/autoconfigure/data/mongo/MongoDataAutoConfiguration.class]: Unsatisfied dependency expressed through constructor argument with index 0 of type [org.springframework.data.mongodb.MongoDbFactory]: Error creating bean with name 'mongoDbFactory' defined in class path resource [org/springframework/boot/autoconfigure/data/mongo/MongoDataAutoConfiguration.class]: Bean instantiation via factory method failed; nested exception is org.springframework.beans.BeanInstantiationException: Failed to instantiate [org.springframework.data.mongodb.core.SimpleMongoDbFactory]: Factory method 'mongoDbFactory' threw exception; nested exception is java.lang.IllegalArgumentException: Database name must not be empty!; nested exception is org.springframework.beans.factory.BeanCreationException: Error creating bean with name 'mongoDbFactory' defined in class path resource [org/springframework/boot/autoconfigure/data/mongo/MongoDataAutoConfiguration.class]: Bean instantiation via factory method failed; nested exception is org.springframework.beans.BeanInstantiationException: Failed to instantiate [org.springframework.data.mongodb.core.SimpleMongoDbFactory]: Factory method 'mongoDbFactory' threw exception; nested exception is java.lang.IllegalArgumentException: Database name must not be empty!
	at org.springframework.beans.factory.annotation.AutowiredAnnotationBeanPostProcessor$AutowiredFieldElement.inject(AutowiredAnnotationBeanPostProcessor.java:573)
	at org.springframework.beans.factory.annotation.InjectionMetadata.inject(InjectionMetadata.java:88)
	at org.springframework.beans.factory.annotation.AutowiredAnnotationBeanPostProcessor.postProcessPropertyValues(AutowiredAnnotationBeanPostProcessor.java:331)
	... 23 common frames omitted
Caused by: org.springframework.beans.factory.UnsatisfiedDependencyException: Error creating bean with name 'accountDao' defined in file [D:\works\spring-boot\spring-boot\target\classes\org\cc\dao\AccountDao.class]: Unsatisfied dependency expressed through bean property 'sqlSessionFactory': Error creating bean with name 'org.mybatis.spring.boot.autoconfigure.MybatisAutoConfiguration': Injection of autowired dependencies failed; nested exception is org.springframework.beans.factory.BeanCreationException: Could not autowire field: private org.springframework.core.io.ResourceLoader org.mybatis.spring.boot.autoconfigure.MybatisAutoConfiguration.resourceLoader; nested exception is org.springframework.beans.factory.UnsatisfiedDependencyException: Error creating bean with name 'gridFsTemplate' defined in class path resource [org/springframework/boot/autoconfigure/data/mongo/MongoDataAutoConfiguration.class]: Unsatisfied dependency expressed through constructor argument with index 0 of type [org.springframework.data.mongodb.MongoDbFactory]: Error creating bean with name 'mongoDbFactory' defined in class path resource [org/springframework/boot/autoconfigure/data/mongo/MongoDataAutoConfiguration.class]: Bean instantiation via factory method failed; nested exception is org.springframework.beans.BeanInstantiationException: Failed to instantiate [org.springframework.data.mongodb.core.SimpleMongoDbFactory]: Factory method 'mongoDbFactory' threw exception; nested exception is java.lang.IllegalArgumentException: Database name must not be empty!; nested exception is org.springframework.beans.factory.BeanCreationException: Error creating bean with name 'mongoDbFactory' defined in class path resource [org/springframework/boot/autoconfigure/data/mongo/MongoDataAutoConfiguration.class]: Bean instantiation via factory method failed; nested exception is org.springframework.beans.BeanInstantiationException: Failed to instantiate [org.springframework.data.mongodb.core.SimpleMongoDbFactory]: Factory method 'mongoDbFactory' threw exception; nested exception is java.lang.IllegalArgumentException: Database name must not be empty!; nested exception is org.springframework.beans.factory.BeanCreationException: Error creating bean with name 'org.mybatis.spring.boot.autoconfigure.MybatisAutoConfiguration': Injection of autowired dependencies failed; nested exception is org.springframework.beans.factory.BeanCreationException: Could not autowire field: private org.springframework.core.io.ResourceLoader org.mybatis.spring.boot.autoconfigure.MybatisAutoConfiguration.resourceLoader; nested exception is org.springframework.beans.factory.UnsatisfiedDependencyException: Error creating bean with name 'gridFsTemplate' defined in class path resource [org/springframework/boot/autoconfigure/data/mongo/MongoDataAutoConfiguration.class]: Unsatisfied dependency expressed through constructor argument with index 0 of type [org.springframework.data.mongodb.MongoDbFactory]: Error creating bean with name 'mongoDbFactory' defined in class path resource [org/springframework/boot/autoconfigure/data/mongo/MongoDataAutoConfiguration.class]: Bean instantiation via factory method failed; nested exception is org.springframework.beans.BeanInstantiationException: Failed to instantiate [org.springframework.data.mongodb.core.SimpleMongoDbFactory]: Factory method 'mongoDbFactory' threw exception; nested exception is java.lang.IllegalArgumentException: Database name must not be empty!; nested exception is org.springframework.beans.factory.BeanCreationException: Error creating bean with name 'mongoDbFactory' defined in class path resource [org/springframework/boot/autoconfigure/data/mongo/MongoDataAutoConfiguration.class]: Bean instantiation via factory method failed; nested exception is org.springframework.beans.BeanInstantiationException: Failed to instantiate [org.springframework.data.mongodb.core.SimpleMongoDbFactory]: Factory method 'mongoDbFactory' threw exception; nested exception is java.lang.IllegalArgumentException: Database name must not be empty!
	at org.springframework.beans.factory.support.AbstractAutowireCapableBeanFactory.autowireByType(AbstractAutowireCapableBeanFactory.java:1307)
	at org.springframework.beans.factory.support.AbstractAutowireCapableBeanFactory.populateBean(AbstractAutowireCapableBeanFactory.java:1199)
	at org.springframework.beans.factory.support.AbstractAutowireCapableBeanFactory.doCreateBean(AbstractAutowireCapableBeanFactory.java:543)
	at org.springframework.beans.factory.support.AbstractAutowireCapableBeanFactory.createBean(AbstractAutowireCapableBeanFactory.java:482)
	at org.springframework.beans.factory.support.AbstractBeanFactory$1.getObject(AbstractBeanFactory.java:306)
	at org.springframework.beans.factory.support.DefaultSingletonBeanRegistry.getSingleton(DefaultSingletonBeanRegistry.java:230)
	at org.springframework.beans.factory.support.AbstractBeanFactory.doGetBean(AbstractBeanFactory.java:302)
	at org.springframework.beans.factory.support.AbstractBeanFactory.getBean(AbstractBeanFactory.java:197)
	at org.springframework.beans.factory.support.DefaultListableBeanFactory.findAutowireCandidates(DefaultListableBeanFactory.java:1192)
	at org.springframework.beans.factory.support.DefaultListableBeanFactory.doResolveDependency(DefaultListableBeanFactory.java:1116)
	at org.springframework.beans.factory.support.DefaultListableBeanFactory.resolveDependency(DefaultListableBeanFactory.java:1014)
	at org.springframework.beans.factory.annotation.AutowiredAnnotationBeanPostProcessor$AutowiredFieldElement.inject(AutowiredAnnotationBeanPostProcessor.java:545)
	... 25 common frames omitted
Caused by: org.springframework.beans.factory.BeanCreationException: Error creating bean with name 'org.mybatis.spring.boot.autoconfigure.MybatisAutoConfiguration': Injection of autowired dependencies failed; nested exception is org.springframework.beans.factory.BeanCreationException: Could not autowire field: private org.springframework.core.io.ResourceLoader org.mybatis.spring.boot.autoconfigure.MybatisAutoConfiguration.resourceLoader; nested exception is org.springframework.beans.factory.UnsatisfiedDependencyException: Error creating bean with name 'gridFsTemplate' defined in class path resource [org/springframework/boot/autoconfigure/data/mongo/MongoDataAutoConfiguration.class]: Unsatisfied dependency expressed through constructor argument with index 0 of type [org.springframework.data.mongodb.MongoDbFactory]: Error creating bean with name 'mongoDbFactory' defined in class path resource [org/springframework/boot/autoconfigure/data/mongo/MongoDataAutoConfiguration.class]: Bean instantiation via factory method failed; nested exception is org.springframework.beans.BeanInstantiationException: Failed to instantiate [org.springframework.data.mongodb.core.SimpleMongoDbFactory]: Factory method 'mongoDbFactory' threw exception; nested exception is java.lang.IllegalArgumentException: Database name must not be empty!; nested exception is org.springframework.beans.factory.BeanCreationException: Error creating bean with name 'mongoDbFactory' defined in class path resource [org/springframework/boot/autoconfigure/data/mongo/MongoDataAutoConfiguration.class]: Bean instantiation via factory method failed; nested exception is org.springframework.beans.BeanInstantiationException: Failed to instantiate [org.springframework.data.mongodb.core.SimpleMongoDbFactory]: Factory method 'mongoDbFactory' threw exception; nested exception is java.lang.IllegalArgumentException: Database name must not be empty!
	at org.springframework.beans.factory.annotation.AutowiredAnnotationBeanPostProcessor.postProcessPropertyValues(AutowiredAnnotationBeanPostProcessor.java:334)
	at org.springframework.beans.factory.support.AbstractAutowireCapableBeanFactory.populateBean(AbstractAutowireCapableBeanFactory.java:1214)
	at org.springframework.beans.factory.support.AbstractAutowireCapableBeanFactory.doCreateBean(AbstractAutowireCapableBeanFactory.java:543)
	at org.springframework.beans.factory.support.AbstractAutowireCapableBeanFactory.createBean(AbstractAutowireCapableBeanFactory.java:482)
	at org.springframework.beans.factory.support.AbstractBeanFactory$1.getObject(AbstractBeanFactory.java:306)
	at org.springframework.beans.factory.support.DefaultSingletonBeanRegistry.getSingleton(DefaultSingletonBeanRegistry.java:230)
	at org.springframework.beans.factory.support.AbstractBeanFactory.doGetBean(AbstractBeanFactory.java:302)
	at org.springframework.beans.factory.support.AbstractBeanFactory.getBean(AbstractBeanFactory.java:197)
	at org.springframework.beans.factory.support.ConstructorResolver.instantiateUsingFactoryMethod(ConstructorResolver.java:368)
	at org.springframework.beans.factory.support.AbstractAutowireCapableBeanFactory.instantiateUsingFactoryMethod(AbstractAutowireCapableBeanFactory.java:1123)
	at org.springframework.beans.factory.support.AbstractAutowireCapableBeanFactory.createBeanInstance(AbstractAutowireCapableBeanFactory.java:1018)
	at org.springframework.beans.factory.support.AbstractAutowireCapableBeanFactory.doCreateBean(AbstractAutowireCapableBeanFactory.java:510)
	at org.springframework.beans.factory.support.AbstractAutowireCapableBeanFactory.createBean(AbstractAutowireCapableBeanFactory.java:482)
	at org.springframework.beans.factory.support.AbstractBeanFactory$1.getObject(AbstractBeanFactory.java:306)
	at org.springframework.beans.factory.support.DefaultSingletonBeanRegistry.getSingleton(DefaultSingletonBeanRegistry.java:230)
	at org.springframework.beans.factory.support.AbstractBeanFactory.doGetBean(AbstractBeanFactory.java:302)
	at org.springframework.beans.factory.support.AbstractBeanFactory.getBean(AbstractBeanFactory.java:197)
	at org.springframework.beans.factory.support.DefaultListableBeanFactory.findAutowireCandidates(DefaultListableBeanFactory.java:1192)
	at org.springframework.beans.factory.support.DefaultListableBeanFactory.doResolveDependency(DefaultListableBeanFactory.java:1116)
	at org.springframework.beans.factory.support.DefaultListableBeanFactory.resolveDependency(DefaultListableBeanFactory.java:1014)
	at org.springframework.beans.factory.support.AbstractAutowireCapableBeanFactory.autowireByType(AbstractAutowireCapableBeanFactory.java:1292)
	... 36 common frames omitted
Caused by: org.springframework.beans.factory.BeanCreationException: Could not autowire field: private org.springframework.core.io.ResourceLoader org.mybatis.spring.boot.autoconfigure.MybatisAutoConfiguration.resourceLoader; nested exception is org.springframework.beans.factory.UnsatisfiedDependencyException: Error creating bean with name 'gridFsTemplate' defined in class path resource [org/springframework/boot/autoconfigure/data/mongo/MongoDataAutoConfiguration.class]: Unsatisfied dependency expressed through constructor argument with index 0 of type [org.springframework.data.mongodb.MongoDbFactory]: Error creating bean with name 'mongoDbFactory' defined in class path resource [org/springframework/boot/autoconfigure/data/mongo/MongoDataAutoConfiguration.class]: Bean instantiation via factory method failed; nested exception is org.springframework.beans.BeanInstantiationException: Failed to instantiate [org.springframework.data.mongodb.core.SimpleMongoDbFactory]: Factory method 'mongoDbFactory' threw exception; nested exception is java.lang.IllegalArgumentException: Database name must not be empty!; nested exception is org.springframework.beans.factory.BeanCreationException: Error creating bean with name 'mongoDbFactory' defined in class path resource [org/springframework/boot/autoconfigure/data/mongo/MongoDataAutoConfiguration.class]: Bean instantiation via factory method failed; nested exception is org.springframework.beans.BeanInstantiationException: Failed to instantiate [org.springframework.data.mongodb.core.SimpleMongoDbFactory]: Factory method 'mongoDbFactory' threw exception; nested exception is java.lang.IllegalArgumentException: Database name must not be empty!
	at org.springframework.beans.factory.annotation.AutowiredAnnotationBeanPostProcessor$AutowiredFieldElement.inject(AutowiredAnnotationBeanPostProcessor.java:573)
	at org.springframework.beans.factory.annotation.InjectionMetadata.inject(InjectionMetadata.java:88)
	at org.springframework.beans.factory.annotation.AutowiredAnnotationBeanPostProcessor.postProcessPropertyValues(AutowiredAnnotationBeanPostProcessor.java:331)
	... 56 common frames omitted
Caused by: org.springframework.beans.factory.UnsatisfiedDependencyException: Error creating bean with name 'gridFsTemplate' defined in class path resource [org/springframework/boot/autoconfigure/data/mongo/MongoDataAutoConfiguration.class]: Unsatisfied dependency expressed through constructor argument with index 0 of type [org.springframework.data.mongodb.MongoDbFactory]: Error creating bean with name 'mongoDbFactory' defined in class path resource [org/springframework/boot/autoconfigure/data/mongo/MongoDataAutoConfiguration.class]: Bean instantiation via factory method failed; nested exception is org.springframework.beans.BeanInstantiationException: Failed to instantiate [org.springframework.data.mongodb.core.SimpleMongoDbFactory]: Factory method 'mongoDbFactory' threw exception; nested exception is java.lang.IllegalArgumentException: Database name must not be empty!; nested exception is org.springframework.beans.factory.BeanCreationException: Error creating bean with name 'mongoDbFactory' defined in class path resource [org/springframework/boot/autoconfigure/data/mongo/MongoDataAutoConfiguration.class]: Bean instantiation via factory method failed; nested exception is org.springframework.beans.BeanInstantiationException: Failed to instantiate [org.springframework.data.mongodb.core.SimpleMongoDbFactory]: Factory method 'mongoDbFactory' threw exception; nested exception is java.lang.IllegalArgumentException: Database name must not be empty!
	at org.springframework.beans.factory.support.ConstructorResolver.createArgumentArray(ConstructorResolver.java:749)
	at org.springframework.beans.factory.support.ConstructorResolver.instantiateUsingFactoryMethod(ConstructorResolver.java:464)
	at org.springframework.beans.factory.support.AbstractAutowireCapableBeanFactory.instantiateUsingFactoryMethod(AbstractAutowireCapableBeanFactory.java:1123)
	at org.springframework.beans.factory.support.AbstractAutowireCapableBeanFactory.createBeanInstance(AbstractAutowireCapableBeanFactory.java:1018)
	at org.springframework.beans.factory.support.AbstractAutowireCapableBeanFactory.doCreateBean(AbstractAutowireCapableBeanFactory.java:510)
	at org.springframework.beans.factory.support.AbstractAutowireCapableBeanFactory.createBean(AbstractAutowireCapableBeanFactory.java:482)
	at org.springframework.beans.factory.support.AbstractBeanFactory$1.getObject(AbstractBeanFactory.java:306)
	at org.springframework.beans.factory.support.DefaultSingletonBeanRegistry.getSingleton(DefaultSingletonBeanRegistry.java:230)
	at org.springframework.beans.factory.support.AbstractBeanFactory.doGetBean(AbstractBeanFactory.java:302)
	at org.springframework.beans.factory.support.AbstractBeanFactory.getBean(AbstractBeanFactory.java:197)
	at org.springframework.beans.factory.support.DefaultListableBeanFactory.findAutowireCandidates(DefaultListableBeanFactory.java:1192)
	at org.springframework.beans.factory.support.DefaultListableBeanFactory.doResolveDependency(DefaultListableBeanFactory.java:1116)
	at org.springframework.beans.factory.support.DefaultListableBeanFactory.resolveDependency(DefaultListableBeanFactory.java:1014)
	at org.springframework.beans.factory.annotation.AutowiredAnnotationBeanPostProcessor$AutowiredFieldElement.inject(AutowiredAnnotationBeanPostProcessor.java:545)
	... 58 common frames omitted
Caused by: org.springframework.beans.factory.BeanCreationException: Error creating bean with name 'mongoDbFactory' defined in class path resource [org/springframework/boot/autoconfigure/data/mongo/MongoDataAutoConfiguration.class]: Bean instantiation via factory method failed; nested exception is org.springframework.beans.BeanInstantiationException: Failed to instantiate [org.springframework.data.mongodb.core.SimpleMongoDbFactory]: Factory method 'mongoDbFactory' threw exception; nested exception is java.lang.IllegalArgumentException: Database name must not be empty!
	at org.springframework.beans.factory.support.ConstructorResolver.instantiateUsingFactoryMethod(ConstructorResolver.java:599)
	at org.springframework.beans.factory.support.AbstractAutowireCapableBeanFactory.instantiateUsingFactoryMethod(AbstractAutowireCapableBeanFactory.java:1123)
	at org.springframework.beans.factory.support.AbstractAutowireCapableBeanFactory.createBeanInstance(AbstractAutowireCapableBeanFactory.java:1018)
	at org.springframework.beans.factory.support.AbstractAutowireCapableBeanFactory.doCreateBean(AbstractAutowireCapableBeanFactory.java:510)
	at org.springframework.beans.factory.support.AbstractAutowireCapableBeanFactory.createBean(AbstractAutowireCapableBeanFactory.java:482)
	at org.springframework.beans.factory.support.AbstractBeanFactory$1.getObject(AbstractBeanFactory.java:306)
	at org.springframework.beans.factory.support.DefaultSingletonBeanRegistry.getSingleton(DefaultSingletonBeanRegistry.java:230)
	at org.springframework.beans.factory.support.AbstractBeanFactory.doGetBean(AbstractBeanFactory.java:302)
	at org.springframework.beans.factory.support.AbstractBeanFactory.getBean(AbstractBeanFactory.java:197)
	at org.springframework.beans.factory.support.DefaultListableBeanFactory.findAutowireCandidates(DefaultListableBeanFactory.java:1192)
	at org.springframework.beans.factory.support.DefaultListableBeanFactory.doResolveDependency(DefaultListableBeanFactory.java:1116)
	at org.springframework.beans.factory.support.DefaultListableBeanFactory.resolveDependency(DefaultListableBeanFactory.java:1014)
	at org.springframework.beans.factory.support.ConstructorResolver.resolveAutowiredArgument(ConstructorResolver.java:813)
	at org.springframework.beans.factory.support.ConstructorResolver.createArgumentArray(ConstructorResolver.java:741)
	... 71 common frames omitted
Caused by: org.springframework.beans.BeanInstantiationException: Failed to instantiate [org.springframework.data.mongodb.core.SimpleMongoDbFactory]: Factory method 'mongoDbFactory' threw exception; nested exception is java.lang.IllegalArgumentException: Database name must not be empty!
	at org.springframework.beans.factory.support.SimpleInstantiationStrategy.instantiate(SimpleInstantiationStrategy.java:189)
	at org.springframework.beans.factory.support.ConstructorResolver.instantiateUsingFactoryMethod(ConstructorResolver.java:588)
	... 84 common frames omitted
Caused by: java.lang.IllegalArgumentException: Database name must not be empty!
	at org.springframework.util.Assert.hasText(Assert.java:168)
	at org.springframework.data.mongodb.core.SimpleMongoDbFactory.<init>(SimpleMongoDbFactory.java:167)
	at org.springframework.data.mongodb.core.SimpleMongoDbFactory.<init>(SimpleMongoDbFactory.java:130)
	at org.springframework.boot.autoconfigure.data.mongo.MongoDataAutoConfiguration.mongoDbFactory(MongoDataAutoConfiguration.java:110)
	at org.springframework.boot.autoconfigure.data.mongo.MongoDataAutoConfiguration$$EnhancerBySpringCGLIB$$ff3beb1f.CGLIB$mongoDbFactory$5(<generated>)
	at org.springframework.boot.autoconfigure.data.mongo.MongoDataAutoConfiguration$$EnhancerBySpringCGLIB$$ff3beb1f$$FastClassBySpringCGLIB$$92709a9f.invoke(<generated>)
	at org.springframework.cglib.proxy.MethodProxy.invokeSuper(MethodProxy.java:228)
	at org.springframework.context.annotation.ConfigurationClassEnhancer$BeanMethodInterceptor.intercept(ConfigurationClassEnhancer.java:355)
	at org.springframework.boot.autoconfigure.data.mongo.MongoDataAutoConfiguration$$EnhancerBySpringCGLIB$$ff3beb1f.mongoDbFactory(<generated>)
	at sun.reflect.NativeMethodAccessorImpl.invoke0(Native Method)
	at sun.reflect.NativeMethodAccessorImpl.invoke(NativeMethodAccessorImpl.java:57)
	at sun.reflect.DelegatingMethodAccessorImpl.invoke(DelegatingMethodAccessorImpl.java:43)
	at java.lang.reflect.Method.invoke(Method.java:606)
	at org.springframework.beans.factory.support.SimpleInstantiationStrategy.instantiate(SimpleInstantiationStrategy.java:162)
	... 85 common frames omitted
[ERROR] [2016-04-08 15:01:33] org.apache.catalina.core.ContainerBase.[Tomcat].[localhost].[/].[dispatcherServlet] [182] - Servlet.service() for servlet [dispatcherServlet] in context with path [] threw exception [Request processing failed; nested exception is org.springframework.dao.PermissionDeniedDataAccessException: { "serverUsed" : "127.0.0.1:27017" , "ok" : 0.0 , "code" : 18 , "errmsg" : "Authentication failed."}; nested exception is com.mongodb.CommandFailureException: { "serverUsed" : "127.0.0.1:27017" , "ok" : 0.0 , "code" : 18 , "errmsg" : "Authentication failed."}] with root cause
com.mongodb.CommandFailureException: { "serverUsed" : "127.0.0.1:27017" , "ok" : 0.0 , "code" : 18 , "errmsg" : "Authentication failed."}
	at com.mongodb.CommandResult.getException(CommandResult.java:76)
	at com.mongodb.CommandResult.throwOnError(CommandResult.java:140)
	at com.mongodb.DBPort$SaslAuthenticator.authenticate(DBPort.java:903)
	at com.mongodb.DBPort.authenticate(DBPort.java:436)
	at com.mongodb.DBPort.checkAuth(DBPort.java:447)
	at com.mongodb.DBTCPConnector.doOperation(DBTCPConnector.java:207)
	at com.mongodb.DBCollectionImpl.writeWithCommandProtocol(DBCollectionImpl.java:461)
	at com.mongodb.DBCollectionImpl.insertWithCommandProtocol(DBCollectionImpl.java:426)
	at com.mongodb.DBCollectionImpl.insert(DBCollectionImpl.java:188)
	at com.mongodb.DBCollectionImpl.insert(DBCollectionImpl.java:167)
	at com.mongodb.DBCollection.insert(DBCollection.java:161)
	at com.mongodb.DBCollection.insert(DBCollection.java:107)
	at com.mongodb.DBCollection.save(DBCollection.java:1049)
	at com.mongodb.DBCollection.save(DBCollection.java:1014)
	at org.springframework.data.mongodb.core.MongoTemplate$11.doInCollection(MongoTemplate.java:1052)
	at org.springframework.data.mongodb.core.MongoTemplate.execute(MongoTemplate.java:462)
	at org.springframework.data.mongodb.core.MongoTemplate.saveDBObject(MongoTemplate.java:1047)
	at org.springframework.data.mongodb.core.MongoTemplate.doSave(MongoTemplate.java:987)
	at org.springframework.data.mongodb.core.MongoTemplate.save(MongoTemplate.java:933)
	at org.cc.web.HelloRest.mongo(HelloRest.java:76)
	at sun.reflect.NativeMethodAccessorImpl.invoke0(Native Method)
	at sun.reflect.NativeMethodAccessorImpl.invoke(NativeMethodAccessorImpl.java:57)
	at sun.reflect.DelegatingMethodAccessorImpl.invoke(DelegatingMethodAccessorImpl.java:43)
	at java.lang.reflect.Method.invoke(Method.java:606)
	at org.springframework.web.method.support.InvocableHandlerMethod.doInvoke(InvocableHandlerMethod.java:221)
	at org.springframework.web.method.support.InvocableHandlerMethod.invokeForRequest(InvocableHandlerMethod.java:136)
	at org.springframework.web.servlet.mvc.method.annotation.ServletInvocableHandlerMethod.invokeAndHandle(ServletInvocableHandlerMethod.java:110)
	at org.springframework.web.servlet.mvc.method.annotation.RequestMappingHandlerAdapter.invokeHandlerMethod(RequestMappingHandlerAdapter.java:817)
	at org.springframework.web.servlet.mvc.method.annotation.RequestMappingHandlerAdapter.handleInternal(RequestMappingHandlerAdapter.java:731)
	at org.springframework.web.servlet.mvc.method.AbstractHandlerMethodAdapter.handle(AbstractHandlerMethodAdapter.java:85)
	at org.springframework.web.servlet.DispatcherServlet.doDispatch(DispatcherServlet.java:959)
	at org.springframework.web.servlet.DispatcherServlet.doService(DispatcherServlet.java:893)
	at org.springframework.web.servlet.FrameworkServlet.processRequest(FrameworkServlet.java:968)
	at org.springframework.web.servlet.FrameworkServlet.doGet(FrameworkServlet.java:859)
	at javax.servlet.http.HttpServlet.service(HttpServlet.java:622)
	at org.springframework.web.servlet.FrameworkServlet.service(FrameworkServlet.java:844)
	at javax.servlet.http.HttpServlet.service(HttpServlet.java:729)
	at org.apache.catalina.core.ApplicationFilterChain.internalDoFilter(ApplicationFilterChain.java:292)
	at org.apache.catalina.core.ApplicationFilterChain.doFilter(ApplicationFilterChain.java:207)
	at org.apache.tomcat.websocket.server.WsFilter.doFilter(WsFilter.java:52)
	at org.apache.catalina.core.ApplicationFilterChain.internalDoFilter(ApplicationFilterChain.java:240)
	at org.apache.catalina.core.ApplicationFilterChain.doFilter(ApplicationFilterChain.java:207)
	at org.springframework.web.filter.RequestContextFilter.doFilterInternal(RequestContextFilter.java:99)
	at org.springframework.web.filter.OncePerRequestFilter.doFilter(OncePerRequestFilter.java:107)
	at org.apache.catalina.core.ApplicationFilterChain.internalDoFilter(ApplicationFilterChain.java:240)
	at org.apache.catalina.core.ApplicationFilterChain.doFilter(ApplicationFilterChain.java:207)
	at org.springframework.web.filter.HttpPutFormContentFilter.doFilterInternal(HttpPutFormContentFilter.java:87)
	at org.springframework.web.filter.OncePerRequestFilter.doFilter(OncePerRequestFilter.java:107)
	at org.apache.catalina.core.ApplicationFilterChain.internalDoFilter(ApplicationFilterChain.java:240)
	at org.apache.catalina.core.ApplicationFilterChain.doFilter(ApplicationFilterChain.java:207)
	at org.springframework.web.filter.HiddenHttpMethodFilter.doFilterInternal(HiddenHttpMethodFilter.java:77)
	at org.springframework.web.filter.OncePerRequestFilter.doFilter(OncePerRequestFilter.java:107)
	at org.apache.catalina.core.ApplicationFilterChain.internalDoFilter(ApplicationFilterChain.java:240)
	at org.apache.catalina.core.ApplicationFilterChain.doFilter(ApplicationFilterChain.java:207)
	at org.springframework.web.filter.CharacterEncodingFilter.doFilterInternal(CharacterEncodingFilter.java:121)
	at org.springframework.web.filter.OncePerRequestFilter.doFilter(OncePerRequestFilter.java:107)
	at org.apache.catalina.core.ApplicationFilterChain.internalDoFilter(ApplicationFilterChain.java:240)
	at org.apache.catalina.core.ApplicationFilterChain.doFilter(ApplicationFilterChain.java:207)
	at org.apache.catalina.core.StandardWrapperValve.invoke(StandardWrapperValve.java:212)
	at org.apache.catalina.core.StandardContextValve.invoke(StandardContextValve.java:106)
	at org.apache.catalina.authenticator.AuthenticatorBase.invoke(AuthenticatorBase.java:502)
	at org.apache.catalina.core.StandardHostValve.invoke(StandardHostValve.java:141)
	at org.apache.catalina.valves.ErrorReportValve.invoke(ErrorReportValve.java:79)
	at org.apache.catalina.core.StandardEngineValve.invoke(StandardEngineValve.java:88)
	at org.apache.catalina.connector.CoyoteAdapter.service(CoyoteAdapter.java:522)
	at org.apache.coyote.http11.AbstractHttp11Processor.process(AbstractHttp11Processor.java:1095)
	at org.apache.coyote.AbstractProtocol$AbstractConnectionHandler.process(AbstractProtocol.java:672)
	at org.apache.tomcat.util.net.NioEndpoint$SocketProcessor.doRun(NioEndpoint.java:1500)
	at org.apache.tomcat.util.net.NioEndpoint$SocketProcessor.run(NioEndpoint.java:1456)
	at java.util.concurrent.ThreadPoolExecutor.runWorker(ThreadPoolExecutor.java:1145)
	at java.util.concurrent.ThreadPoolExecutor$Worker.run(ThreadPoolExecutor.java:615)
	at org.apache.tomcat.util.threads.TaskThread$WrappingRunnable.run(TaskThread.java:61)
	at java.lang.Thread.run(Thread.java:745)
[ERROR] [2016-04-08 15:07:41] org.apache.catalina.core.ContainerBase.[Tomcat].[localhost].[/].[dispatcherServlet] [182] - Servlet.service() for servlet [dispatcherServlet] in context with path [] threw exception [Request processing failed; nested exception is org.springframework.dao.PermissionDeniedDataAccessException: { "serverUsed" : "127.0.0.1:27017" , "ok" : 0.0 , "code" : 18 , "errmsg" : "Authentication failed."}; nested exception is com.mongodb.CommandFailureException: { "serverUsed" : "127.0.0.1:27017" , "ok" : 0.0 , "code" : 18 , "errmsg" : "Authentication failed."}] with root cause
com.mongodb.CommandFailureException: { "serverUsed" : "127.0.0.1:27017" , "ok" : 0.0 , "code" : 18 , "errmsg" : "Authentication failed."}
	at com.mongodb.CommandResult.getException(CommandResult.java:76)
	at com.mongodb.CommandResult.throwOnError(CommandResult.java:140)
	at com.mongodb.DBPort$SaslAuthenticator.authenticate(DBPort.java:903)
	at com.mongodb.DBPort.authenticate(DBPort.java:436)
	at com.mongodb.DBPort.checkAuth(DBPort.java:447)
	at com.mongodb.DBTCPConnector.doOperation(DBTCPConnector.java:207)
	at com.mongodb.DBCollectionImpl.writeWithCommandProtocol(DBCollectionImpl.java:461)
	at com.mongodb.DBCollectionImpl.insertWithCommandProtocol(DBCollectionImpl.java:426)
	at com.mongodb.DBCollectionImpl.insert(DBCollectionImpl.java:188)
	at com.mongodb.DBCollectionImpl.insert(DBCollectionImpl.java:167)
	at com.mongodb.DBCollection.insert(DBCollection.java:161)
	at com.mongodb.DBCollection.insert(DBCollection.java:107)
	at com.mongodb.DBCollection.save(DBCollection.java:1049)
	at com.mongodb.DBCollection.save(DBCollection.java:1014)
	at org.springframework.data.mongodb.core.MongoTemplate$11.doInCollection(MongoTemplate.java:1052)
	at org.springframework.data.mongodb.core.MongoTemplate.execute(MongoTemplate.java:462)
	at org.springframework.data.mongodb.core.MongoTemplate.saveDBObject(MongoTemplate.java:1047)
	at org.springframework.data.mongodb.core.MongoTemplate.doSave(MongoTemplate.java:987)
	at org.springframework.data.mongodb.core.MongoTemplate.save(MongoTemplate.java:933)
	at org.cc.web.HelloRest.mongo(HelloRest.java:76)
	at sun.reflect.NativeMethodAccessorImpl.invoke0(Native Method)
	at sun.reflect.NativeMethodAccessorImpl.invoke(NativeMethodAccessorImpl.java:57)
	at sun.reflect.DelegatingMethodAccessorImpl.invoke(DelegatingMethodAccessorImpl.java:43)
	at java.lang.reflect.Method.invoke(Method.java:606)
	at org.springframework.web.method.support.InvocableHandlerMethod.doInvoke(InvocableHandlerMethod.java:221)
	at org.springframework.web.method.support.InvocableHandlerMethod.invokeForRequest(InvocableHandlerMethod.java:136)
	at org.springframework.web.servlet.mvc.method.annotation.ServletInvocableHandlerMethod.invokeAndHandle(ServletInvocableHandlerMethod.java:110)
	at org.springframework.web.servlet.mvc.method.annotation.RequestMappingHandlerAdapter.invokeHandlerMethod(RequestMappingHandlerAdapter.java:817)
	at org.springframework.web.servlet.mvc.method.annotation.RequestMappingHandlerAdapter.handleInternal(RequestMappingHandlerAdapter.java:731)
	at org.springframework.web.servlet.mvc.method.AbstractHandlerMethodAdapter.handle(AbstractHandlerMethodAdapter.java:85)
	at org.springframework.web.servlet.DispatcherServlet.doDispatch(DispatcherServlet.java:959)
	at org.springframework.web.servlet.DispatcherServlet.doService(DispatcherServlet.java:893)
	at org.springframework.web.servlet.FrameworkServlet.processRequest(FrameworkServlet.java:968)
	at org.springframework.web.servlet.FrameworkServlet.doGet(FrameworkServlet.java:859)
	at javax.servlet.http.HttpServlet.service(HttpServlet.java:622)
	at org.springframework.web.servlet.FrameworkServlet.service(FrameworkServlet.java:844)
	at javax.servlet.http.HttpServlet.service(HttpServlet.java:729)
	at org.apache.catalina.core.ApplicationFilterChain.internalDoFilter(ApplicationFilterChain.java:292)
	at org.apache.catalina.core.ApplicationFilterChain.doFilter(ApplicationFilterChain.java:207)
	at org.apache.tomcat.websocket.server.WsFilter.doFilter(WsFilter.java:52)
	at org.apache.catalina.core.ApplicationFilterChain.internalDoFilter(ApplicationFilterChain.java:240)
	at org.apache.catalina.core.ApplicationFilterChain.doFilter(ApplicationFilterChain.java:207)
	at org.springframework.web.filter.RequestContextFilter.doFilterInternal(RequestContextFilter.java:99)
	at org.springframework.web.filter.OncePerRequestFilter.doFilter(OncePerRequestFilter.java:107)
	at org.apache.catalina.core.ApplicationFilterChain.internalDoFilter(ApplicationFilterChain.java:240)
	at org.apache.catalina.core.ApplicationFilterChain.doFilter(ApplicationFilterChain.java:207)
	at org.springframework.web.filter.HttpPutFormContentFilter.doFilterInternal(HttpPutFormContentFilter.java:87)
	at org.springframework.web.filter.OncePerRequestFilter.doFilter(OncePerRequestFilter.java:107)
	at org.apache.catalina.core.ApplicationFilterChain.internalDoFilter(ApplicationFilterChain.java:240)
	at org.apache.catalina.core.ApplicationFilterChain.doFilter(ApplicationFilterChain.java:207)
	at org.springframework.web.filter.HiddenHttpMethodFilter.doFilterInternal(HiddenHttpMethodFilter.java:77)
	at org.springframework.web.filter.OncePerRequestFilter.doFilter(OncePerRequestFilter.java:107)
	at org.apache.catalina.core.ApplicationFilterChain.internalDoFilter(ApplicationFilterChain.java:240)
	at org.apache.catalina.core.ApplicationFilterChain.doFilter(ApplicationFilterChain.java:207)
	at org.springframework.web.filter.CharacterEncodingFilter.doFilterInternal(CharacterEncodingFilter.java:121)
	at org.springframework.web.filter.OncePerRequestFilter.doFilter(OncePerRequestFilter.java:107)
	at org.apache.catalina.core.ApplicationFilterChain.internalDoFilter(ApplicationFilterChain.java:240)
	at org.apache.catalina.core.ApplicationFilterChain.doFilter(ApplicationFilterChain.java:207)
	at org.apache.catalina.core.StandardWrapperValve.invoke(StandardWrapperValve.java:212)
	at org.apache.catalina.core.StandardContextValve.invoke(StandardContextValve.java:106)
	at org.apache.catalina.authenticator.AuthenticatorBase.invoke(AuthenticatorBase.java:502)
	at org.apache.catalina.core.StandardHostValve.invoke(StandardHostValve.java:141)
	at org.apache.catalina.valves.ErrorReportValve.invoke(ErrorReportValve.java:79)
	at org.apache.catalina.core.StandardEngineValve.invoke(StandardEngineValve.java:88)
	at org.apache.catalina.connector.CoyoteAdapter.service(CoyoteAdapter.java:522)
	at org.apache.coyote.http11.AbstractHttp11Processor.process(AbstractHttp11Processor.java:1095)
	at org.apache.coyote.AbstractProtocol$AbstractConnectionHandler.process(AbstractProtocol.java:672)
	at org.apache.tomcat.util.net.NioEndpoint$SocketProcessor.doRun(NioEndpoint.java:1500)
	at org.apache.tomcat.util.net.NioEndpoint$SocketProcessor.run(NioEndpoint.java:1456)
	at java.util.concurrent.ThreadPoolExecutor.runWorker(ThreadPoolExecutor.java:1145)
	at java.util.concurrent.ThreadPoolExecutor$Worker.run(ThreadPoolExecutor.java:615)
	at org.apache.tomcat.util.threads.TaskThread$WrappingRunnable.run(TaskThread.java:61)
	at java.lang.Thread.run(Thread.java:745)
[ERROR] [2016-04-08 15:12:31] org.apache.catalina.core.ContainerBase.[Tomcat].[localhost].[/].[dispatcherServlet] [182] - Servlet.service() for servlet [dispatcherServlet] in context with path [] threw exception [Request processing failed; nested exception is org.springframework.dao.PermissionDeniedDataAccessException: { "serverUsed" : "127.0.0.1:27017" , "ok" : 0.0 , "code" : 18 , "errmsg" : "Authentication failed."}; nested exception is com.mongodb.CommandFailureException: { "serverUsed" : "127.0.0.1:27017" , "ok" : 0.0 , "code" : 18 , "errmsg" : "Authentication failed."}] with root cause
com.mongodb.CommandFailureException: { "serverUsed" : "127.0.0.1:27017" , "ok" : 0.0 , "code" : 18 , "errmsg" : "Authentication failed."}
	at com.mongodb.CommandResult.getException(CommandResult.java:76)
	at com.mongodb.CommandResult.throwOnError(CommandResult.java:140)
	at com.mongodb.DBPort$SaslAuthenticator.authenticate(DBPort.java:903)
	at com.mongodb.DBPort.authenticate(DBPort.java:436)
	at com.mongodb.DBPort.checkAuth(DBPort.java:447)
	at com.mongodb.DBTCPConnector.doOperation(DBTCPConnector.java:207)
	at com.mongodb.DBCollectionImpl.writeWithCommandProtocol(DBCollectionImpl.java:461)
	at com.mongodb.DBCollectionImpl.insertWithCommandProtocol(DBCollectionImpl.java:426)
	at com.mongodb.DBCollectionImpl.insert(DBCollectionImpl.java:188)
	at com.mongodb.DBCollectionImpl.insert(DBCollectionImpl.java:167)
	at com.mongodb.DBCollection.insert(DBCollection.java:161)
	at com.mongodb.DBCollection.insert(DBCollection.java:107)
	at com.mongodb.DBCollection.save(DBCollection.java:1049)
	at com.mongodb.DBCollection.save(DBCollection.java:1014)
	at org.springframework.data.mongodb.core.MongoTemplate$11.doInCollection(MongoTemplate.java:1052)
	at org.springframework.data.mongodb.core.MongoTemplate.execute(MongoTemplate.java:462)
	at org.springframework.data.mongodb.core.MongoTemplate.saveDBObject(MongoTemplate.java:1047)
	at org.springframework.data.mongodb.core.MongoTemplate.doSave(MongoTemplate.java:987)
	at org.springframework.data.mongodb.core.MongoTemplate.save(MongoTemplate.java:933)
	at org.cc.web.HelloRest.mongo(HelloRest.java:76)
	at sun.reflect.NativeMethodAccessorImpl.invoke0(Native Method)
	at sun.reflect.NativeMethodAccessorImpl.invoke(NativeMethodAccessorImpl.java:57)
	at sun.reflect.DelegatingMethodAccessorImpl.invoke(DelegatingMethodAccessorImpl.java:43)
	at java.lang.reflect.Method.invoke(Method.java:606)
	at org.springframework.web.method.support.InvocableHandlerMethod.doInvoke(InvocableHandlerMethod.java:221)
	at org.springframework.web.method.support.InvocableHandlerMethod.invokeForRequest(InvocableHandlerMethod.java:136)
	at org.springframework.web.servlet.mvc.method.annotation.ServletInvocableHandlerMethod.invokeAndHandle(ServletInvocableHandlerMethod.java:110)
	at org.springframework.web.servlet.mvc.method.annotation.RequestMappingHandlerAdapter.invokeHandlerMethod(RequestMappingHandlerAdapter.java:817)
	at org.springframework.web.servlet.mvc.method.annotation.RequestMappingHandlerAdapter.handleInternal(RequestMappingHandlerAdapter.java:731)
	at org.springframework.web.servlet.mvc.method.AbstractHandlerMethodAdapter.handle(AbstractHandlerMethodAdapter.java:85)
	at org.springframework.web.servlet.DispatcherServlet.doDispatch(DispatcherServlet.java:959)
	at org.springframework.web.servlet.DispatcherServlet.doService(DispatcherServlet.java:893)
	at org.springframework.web.servlet.FrameworkServlet.processRequest(FrameworkServlet.java:968)
	at org.springframework.web.servlet.FrameworkServlet.doGet(FrameworkServlet.java:859)
	at javax.servlet.http.HttpServlet.service(HttpServlet.java:622)
	at org.springframework.web.servlet.FrameworkServlet.service(FrameworkServlet.java:844)
	at javax.servlet.http.HttpServlet.service(HttpServlet.java:729)
	at org.apache.catalina.core.ApplicationFilterChain.internalDoFilter(ApplicationFilterChain.java:292)
	at org.apache.catalina.core.ApplicationFilterChain.doFilter(ApplicationFilterChain.java:207)
	at org.apache.tomcat.websocket.server.WsFilter.doFilter(WsFilter.java:52)
	at org.apache.catalina.core.ApplicationFilterChain.internalDoFilter(ApplicationFilterChain.java:240)
	at org.apache.catalina.core.ApplicationFilterChain.doFilter(ApplicationFilterChain.java:207)
	at org.springframework.web.filter.RequestContextFilter.doFilterInternal(RequestContextFilter.java:99)
	at org.springframework.web.filter.OncePerRequestFilter.doFilter(OncePerRequestFilter.java:107)
	at org.apache.catalina.core.ApplicationFilterChain.internalDoFilter(ApplicationFilterChain.java:240)
	at org.apache.catalina.core.ApplicationFilterChain.doFilter(ApplicationFilterChain.java:207)
	at org.springframework.web.filter.HttpPutFormContentFilter.doFilterInternal(HttpPutFormContentFilter.java:87)
	at org.springframework.web.filter.OncePerRequestFilter.doFilter(OncePerRequestFilter.java:107)
	at org.apache.catalina.core.ApplicationFilterChain.internalDoFilter(ApplicationFilterChain.java:240)
	at org.apache.catalina.core.ApplicationFilterChain.doFilter(ApplicationFilterChain.java:207)
	at org.springframework.web.filter.HiddenHttpMethodFilter.doFilterInternal(HiddenHttpMethodFilter.java:77)
	at org.springframework.web.filter.OncePerRequestFilter.doFilter(OncePerRequestFilter.java:107)
	at org.apache.catalina.core.ApplicationFilterChain.internalDoFilter(ApplicationFilterChain.java:240)
	at org.apache.catalina.core.ApplicationFilterChain.doFilter(ApplicationFilterChain.java:207)
	at org.springframework.web.filter.CharacterEncodingFilter.doFilterInternal(CharacterEncodingFilter.java:121)
	at org.springframework.web.filter.OncePerRequestFilter.doFilter(OncePerRequestFilter.java:107)
	at org.apache.catalina.core.ApplicationFilterChain.internalDoFilter(ApplicationFilterChain.java:240)
	at org.apache.catalina.core.ApplicationFilterChain.doFilter(ApplicationFilterChain.java:207)
	at org.apache.catalina.core.StandardWrapperValve.invoke(StandardWrapperValve.java:212)
	at org.apache.catalina.core.StandardContextValve.invoke(StandardContextValve.java:106)
	at org.apache.catalina.authenticator.AuthenticatorBase.invoke(AuthenticatorBase.java:502)
	at org.apache.catalina.core.StandardHostValve.invoke(StandardHostValve.java:141)
	at org.apache.catalina.valves.ErrorReportValve.invoke(ErrorReportValve.java:79)
	at org.apache.catalina.core.StandardEngineValve.invoke(StandardEngineValve.java:88)
	at org.apache.catalina.connector.CoyoteAdapter.service(CoyoteAdapter.java:522)
	at org.apache.coyote.http11.AbstractHttp11Processor.process(AbstractHttp11Processor.java:1095)
	at org.apache.coyote.AbstractProtocol$AbstractConnectionHandler.process(AbstractProtocol.java:672)
	at org.apache.tomcat.util.net.NioEndpoint$SocketProcessor.doRun(NioEndpoint.java:1500)
	at org.apache.tomcat.util.net.NioEndpoint$SocketProcessor.run(NioEndpoint.java:1456)
	at java.util.concurrent.ThreadPoolExecutor.runWorker(ThreadPoolExecutor.java:1145)
	at java.util.concurrent.ThreadPoolExecutor$Worker.run(ThreadPoolExecutor.java:615)
	at org.apache.tomcat.util.threads.TaskThread$WrappingRunnable.run(TaskThread.java:61)
	at java.lang.Thread.run(Thread.java:745)
[ERROR] [2016-04-08 15:27:00] org.apache.catalina.core.ContainerBase.[Tomcat].[localhost].[/].[dispatcherServlet] [182] - Servlet.service() for servlet [dispatcherServlet] in context with path [] threw exception [Request processing failed; nested exception is org.springframework.dao.PermissionDeniedDataAccessException: { "serverUsed" : "127.0.0.1:27017" , "ok" : 0.0 , "code" : 18 , "errmsg" : "Authentication failed."}; nested exception is com.mongodb.CommandFailureException: { "serverUsed" : "127.0.0.1:27017" , "ok" : 0.0 , "code" : 18 , "errmsg" : "Authentication failed."}] with root cause
com.mongodb.CommandFailureException: { "serverUsed" : "127.0.0.1:27017" , "ok" : 0.0 , "code" : 18 , "errmsg" : "Authentication failed."}
	at com.mongodb.CommandResult.getException(CommandResult.java:76)
	at com.mongodb.CommandResult.throwOnError(CommandResult.java:140)
	at com.mongodb.DBPort$SaslAuthenticator.authenticate(DBPort.java:903)
	at com.mongodb.DBPort.authenticate(DBPort.java:436)
	at com.mongodb.DBPort.checkAuth(DBPort.java:447)
	at com.mongodb.DBTCPConnector.doOperation(DBTCPConnector.java:207)
	at com.mongodb.DBCollectionImpl.writeWithCommandProtocol(DBCollectionImpl.java:461)
	at com.mongodb.DBCollectionImpl.insertWithCommandProtocol(DBCollectionImpl.java:426)
	at com.mongodb.DBCollectionImpl.insert(DBCollectionImpl.java:188)
	at com.mongodb.DBCollectionImpl.insert(DBCollectionImpl.java:167)
	at com.mongodb.DBCollection.insert(DBCollection.java:161)
	at com.mongodb.DBCollection.insert(DBCollection.java:107)
	at com.mongodb.DBCollection.save(DBCollection.java:1049)
	at com.mongodb.DBCollection.save(DBCollection.java:1014)
	at org.springframework.data.mongodb.core.MongoTemplate$11.doInCollection(MongoTemplate.java:1052)
	at org.springframework.data.mongodb.core.MongoTemplate.execute(MongoTemplate.java:462)
	at org.springframework.data.mongodb.core.MongoTemplate.saveDBObject(MongoTemplate.java:1047)
	at org.springframework.data.mongodb.core.MongoTemplate.doSave(MongoTemplate.java:987)
	at org.springframework.data.mongodb.core.MongoTemplate.save(MongoTemplate.java:933)
	at org.cc.web.HelloRest.mongo(HelloRest.java:76)
	at sun.reflect.NativeMethodAccessorImpl.invoke0(Native Method)
	at sun.reflect.NativeMethodAccessorImpl.invoke(NativeMethodAccessorImpl.java:57)
	at sun.reflect.DelegatingMethodAccessorImpl.invoke(DelegatingMethodAccessorImpl.java:43)
	at java.lang.reflect.Method.invoke(Method.java:606)
	at org.springframework.web.method.support.InvocableHandlerMethod.doInvoke(InvocableHandlerMethod.java:221)
	at org.springframework.web.method.support.InvocableHandlerMethod.invokeForRequest(InvocableHandlerMethod.java:136)
	at org.springframework.web.servlet.mvc.method.annotation.ServletInvocableHandlerMethod.invokeAndHandle(ServletInvocableHandlerMethod.java:110)
	at org.springframework.web.servlet.mvc.method.annotation.RequestMappingHandlerAdapter.invokeHandlerMethod(RequestMappingHandlerAdapter.java:817)
	at org.springframework.web.servlet.mvc.method.annotation.RequestMappingHandlerAdapter.handleInternal(RequestMappingHandlerAdapter.java:731)
	at org.springframework.web.servlet.mvc.method.AbstractHandlerMethodAdapter.handle(AbstractHandlerMethodAdapter.java:85)
	at org.springframework.web.servlet.DispatcherServlet.doDispatch(DispatcherServlet.java:959)
	at org.springframework.web.servlet.DispatcherServlet.doService(DispatcherServlet.java:893)
	at org.springframework.web.servlet.FrameworkServlet.processRequest(FrameworkServlet.java:968)
	at org.springframework.web.servlet.FrameworkServlet.doGet(FrameworkServlet.java:859)
	at javax.servlet.http.HttpServlet.service(HttpServlet.java:622)
	at org.springframework.web.servlet.FrameworkServlet.service(FrameworkServlet.java:844)
	at javax.servlet.http.HttpServlet.service(HttpServlet.java:729)
	at org.apache.catalina.core.ApplicationFilterChain.internalDoFilter(ApplicationFilterChain.java:292)
	at org.apache.catalina.core.ApplicationFilterChain.doFilter(ApplicationFilterChain.java:207)
	at org.apache.tomcat.websocket.server.WsFilter.doFilter(WsFilter.java:52)
	at org.apache.catalina.core.ApplicationFilterChain.internalDoFilter(ApplicationFilterChain.java:240)
	at org.apache.catalina.core.ApplicationFilterChain.doFilter(ApplicationFilterChain.java:207)
	at org.springframework.web.filter.RequestContextFilter.doFilterInternal(RequestContextFilter.java:99)
	at org.springframework.web.filter.OncePerRequestFilter.doFilter(OncePerRequestFilter.java:107)
	at org.apache.catalina.core.ApplicationFilterChain.internalDoFilter(ApplicationFilterChain.java:240)
	at org.apache.catalina.core.ApplicationFilterChain.doFilter(ApplicationFilterChain.java:207)
	at org.springframework.web.filter.HttpPutFormContentFilter.doFilterInternal(HttpPutFormContentFilter.java:87)
	at org.springframework.web.filter.OncePerRequestFilter.doFilter(OncePerRequestFilter.java:107)
	at org.apache.catalina.core.ApplicationFilterChain.internalDoFilter(ApplicationFilterChain.java:240)
	at org.apache.catalina.core.ApplicationFilterChain.doFilter(ApplicationFilterChain.java:207)
	at org.springframework.web.filter.HiddenHttpMethodFilter.doFilterInternal(HiddenHttpMethodFilter.java:77)
	at org.springframework.web.filter.OncePerRequestFilter.doFilter(OncePerRequestFilter.java:107)
	at org.apache.catalina.core.ApplicationFilterChain.internalDoFilter(ApplicationFilterChain.java:240)
	at org.apache.catalina.core.ApplicationFilterChain.doFilter(ApplicationFilterChain.java:207)
	at org.springframework.web.filter.CharacterEncodingFilter.doFilterInternal(CharacterEncodingFilter.java:121)
	at org.springframework.web.filter.OncePerRequestFilter.doFilter(OncePerRequestFilter.java:107)
	at org.apache.catalina.core.ApplicationFilterChain.internalDoFilter(ApplicationFilterChain.java:240)
	at org.apache.catalina.core.ApplicationFilterChain.doFilter(ApplicationFilterChain.java:207)
	at org.apache.catalina.core.StandardWrapperValve.invoke(StandardWrapperValve.java:212)
	at org.apache.catalina.core.StandardContextValve.invoke(StandardContextValve.java:106)
	at org.apache.catalina.authenticator.AuthenticatorBase.invoke(AuthenticatorBase.java:502)
	at org.apache.catalina.core.StandardHostValve.invoke(StandardHostValve.java:141)
	at org.apache.catalina.valves.ErrorReportValve.invoke(ErrorReportValve.java:79)
	at org.apache.catalina.core.StandardEngineValve.invoke(StandardEngineValve.java:88)
	at org.apache.catalina.connector.CoyoteAdapter.service(CoyoteAdapter.java:522)
	at org.apache.coyote.http11.AbstractHttp11Processor.process(AbstractHttp11Processor.java:1095)
	at org.apache.coyote.AbstractProtocol$AbstractConnectionHandler.process(AbstractProtocol.java:672)
	at org.apache.tomcat.util.net.NioEndpoint$SocketProcessor.doRun(NioEndpoint.java:1500)
	at org.apache.tomcat.util.net.NioEndpoint$SocketProcessor.run(NioEndpoint.java:1456)
	at java.util.concurrent.ThreadPoolExecutor.runWorker(ThreadPoolExecutor.java:1145)
	at java.util.concurrent.ThreadPoolExecutor$Worker.run(ThreadPoolExecutor.java:615)
	at org.apache.tomcat.util.threads.TaskThread$WrappingRunnable.run(TaskThread.java:61)
	at java.lang.Thread.run(Thread.java:745)
[ERROR] [2016-04-08 15:49:56] org.cc.web.HelloRest [72] - something was happend now
[ERROR] [2016-04-08 15:51:26] org.cc.web.HelloRest [72] - something was happend now
[ERROR] [2016-04-08 15:52:34] org.cc.web.HelloRest [72] - something was happend now
[ERROR] [2016-04-08 15:54:12] org.cc.web.HelloRest [76] - something was happend now
[ERROR] [2016-04-08 15:54:12] org.cc.web.HelloRest [78] - something was happend after
